2016-11-12 12:37:28 [180] [INFO] Starting gunicorn 17.5
2016-11-12 12:37:28 [180] [INFO] Listening at: http://0.0.0.0:8000 (180)
2016-11-12 12:37:28 [180] [INFO] Using worker: sync
2016-11-12 12:37:28 [186] [INFO] Booting worker with pid: 186
2016-11-12 12:37:29 [187] [INFO] Booting worker with pid: 187
2016-11-12 13:47:36 [99] [INFO] Starting gunicorn 17.5
2016-11-12 13:47:36 [99] [INFO] Listening at: http://0.0.0.0:8000 (99)
2016-11-12 13:47:36 [99] [INFO] Using worker: sync
2016-11-12 13:47:36 [105] [INFO] Booting worker with pid: 105
2016-11-12 13:47:36 [106] [INFO] Booting worker with pid: 106
2016-11-12 13:56:15 [99] [INFO] Handling signal: term
2016-11-12 16:56:15 [106] [INFO] Worker exiting (pid: 106)
2016-11-12 16:56:15 [105] [INFO] Worker exiting (pid: 105)
2016-11-12 13:56:15 [99] [INFO] Shutting down: Master
2016-11-12 13:56:15 [317] [INFO] Starting gunicorn 17.5
2016-11-12 13:56:15 [317] [INFO] Listening at: http://0.0.0.0:8000 (317)
2016-11-12 13:56:15 [317] [INFO] Using worker: sync
2016-11-12 13:56:15 [323] [INFO] Booting worker with pid: 323
2016-11-12 13:56:15 [331] [INFO] Booting worker with pid: 331
2016-11-12 14:00:43 [317] [INFO] Handling signal: term
2016-11-12 17:00:43 [331] [INFO] Worker exiting (pid: 331)
2016-11-12 17:00:43 [323] [INFO] Worker exiting (pid: 323)
2016-11-12 14:00:43 [317] [INFO] Shutting down: Master
2016-11-12 14:00:44 [451] [INFO] Starting gunicorn 17.5
2016-11-12 14:00:44 [451] [INFO] Listening at: http://0.0.0.0:8000 (451)
2016-11-12 14:00:44 [451] [INFO] Using worker: sync
2016-11-12 14:00:44 [457] [INFO] Booting worker with pid: 457
2016-11-12 14:00:44 [458] [INFO] Booting worker with pid: 458
